2021-08-23 09:51:00.729 INFO  org.hibernate.validator.internal.util.Version     :21   [32m                  [0;39m HV000001: Hibernate Validator 6.1.6.Final
2021-08-23 09:51:00.739 INFO  c.h.knowlagebase.config.KnowlagebaseApplication   :55   [32m                  [0;39m Starting KnowlagebaseApplication using Java 1.8.0_261 on DESKTOP-CTIIJC1 with PID 12708 (E:\code\java\knowlagebase\target\classes started by MECHREVO in E:\code\java\knowlagebase)
2021-08-23 09:51:00.739 INFO  c.h.knowlagebase.config.KnowlagebaseApplication   :660  [32m                  [0;39m No active profile set, falling back to default profiles: default
2021-08-23 09:51:00.781 INFO  o.s.b.d.env.DevToolsPropertyDefaultsPostProcessor :255  [32m                  [0;39m Devtools property defaults active! Set 'spring.devtools.add-properties' to 'false' to disable
2021-08-23 09:51:00.782 INFO  o.s.b.d.env.DevToolsPropertyDefaultsPostProcessor :255  [32m                  [0;39m For additional web related logging consider setting the 'logging.level.web' property to 'DEBUG'
2021-08-23 09:51:01.947 INFO  o.s.boot.web.embedded.tomcat.TomcatWebServer      :108  [32m                  [0;39m Tomcat initialized with port(s): 8880 (http)
2021-08-23 09:51:01.954 INFO  org.apache.coyote.http11.Http11NioProtocol        :173  [32m                  [0;39m Initializing ProtocolHandler ["http-nio-8880"]
2021-08-23 09:51:01.955 INFO  org.apache.catalina.core.StandardService          :173  [32m                  [0;39m Starting service [Tomcat]
2021-08-23 09:51:01.955 INFO  org.apache.catalina.core.StandardEngine           :173  [32m                  [0;39m Starting Servlet engine: [Apache Tomcat/9.0.39]
2021-08-23 09:51:02.014 INFO  o.a.c.core.ContainerBase.[Tomcat].[localhost].[/] :173  [32m                  [0;39m Initializing Spring embedded WebApplicationContext
2021-08-23 09:51:02.014 INFO  o.s.b.w.s.c.ServletWebServerApplicationContext    :289  [32m                  [0;39m Root WebApplicationContext: initialization completed in 1231 ms
2021-08-23 09:51:02.543 INFO  o.s.scheduling.concurrent.ThreadPoolTaskExecutor  :181  [32m                  [0;39m Initializing ExecutorService 'applicationTaskExecutor'
2021-08-23 09:51:02.801 INFO  o.s.b.d.autoconfigure.OptionalLiveReloadServer    :58   [32m                  [0;39m LiveReload server is running on port 35729
2021-08-23 09:51:02.814 INFO  org.apache.coyote.http11.Http11NioProtocol        :173  [32m                  [0;39m Starting ProtocolHandler ["http-nio-8880"]
2021-08-23 09:51:02.826 INFO  o.s.boot.web.embedded.tomcat.TomcatWebServer      :220  [32m                  [0;39m Tomcat started on port(s): 8880 (http) with context path ''
2021-08-23 09:51:02.835 INFO  c.h.knowlagebase.config.KnowlagebaseApplication   :61   [32m                  [0;39m Started KnowlagebaseApplication in 2.564 seconds (JVM running for 3.731)
2021-08-23 09:51:02.837 INFO  c.h.knowlagebase.config.KnowlagebaseApplication   :24   [32m                  [0;39m å¯åŠ¨æˆåŠŸï¼
2021-08-23 09:51:02.838 INFO  c.h.knowlagebase.config.KnowlagebaseApplication   :25   [32m                  [0;39m åœ°å€ï¼š	http://127.0.0.1:8880
2021-08-23 09:52:49.629 INFO  o.a.c.core.ContainerBase.[Tomcat].[localhost].[/] :173  [32m                  [0;39m Initializing Spring DispatcherServlet 'dispatcherServlet'
2021-08-23 09:52:49.629 INFO  org.springframework.web.servlet.DispatcherServlet :525  [32m                  [0;39m Initializing Servlet 'dispatcherServlet'
2021-08-23 09:52:49.631 INFO  org.springframework.web.servlet.DispatcherServlet :547  [32m                  [0;39m Completed initialization in 1 ms
2021-08-23 09:52:49.663 INFO  com.haoyu.knowlagebase.aspect.LogAspect           :46   [32m                  [0;39m ------------- å¼€å§‹ -------------
2021-08-23 09:52:49.663 INFO  com.haoyu.knowlagebase.aspect.LogAspect           :47   [32m                  [0;39m è¯·æ±‚åœ°å€: http://127.0.0.1:8880/category/all GET
2021-08-23 09:52:49.664 INFO  com.haoyu.knowlagebase.aspect.LogAspect           :48   [32m                  [0;39m ç±»åæ–¹æ³•: com.haoyu.knowlagebase.controller.CategoryController.all
2021-08-23 09:52:49.664 INFO  com.haoyu.knowlagebase.aspect.LogAspect           :49   [32m                  [0;39m è¿œç¨‹åœ°å€: 127.0.0.1
2021-08-23 09:52:49.704 INFO  com.haoyu.knowlagebase.aspect.LogAspect           :70   [32m                  [0;39m è¯·æ±‚å‚æ•°: []
2021-08-23 09:52:49.740 INFO  com.zaxxer.hikari.HikariDataSource                :110  [32m                  [0;39m HikariPool-1 - Starting...
2021-08-23 09:52:50.595 INFO  com.zaxxer.hikari.HikariDataSource                :123  [32m                  [0;39m HikariPool-1 - Start completed.
2021-08-23 09:52:50.603 DEBUG c.h.k.mapper.CategoryMapper.selectByExample       :137  [32m                  [0;39m ==>  Preparing: select id, parent, `name`, sort from category order by sort asc
2021-08-23 09:52:50.629 DEBUG c.h.k.mapper.CategoryMapper.selectByExample       :137  [32m                  [0;39m ==> Parameters: 
2021-08-23 09:52:50.654 TRACE c.h.k.mapper.CategoryMapper.selectByExample       :143  [32m                  [0;39m <==    Columns: id, parent, name, sort
2021-08-23 09:52:50.654 TRACE c.h.k.mapper.CategoryMapper.selectByExample       :143  [32m                  [0;39m <==        Row: 82110017238601728, 100, test2, 1
2021-08-23 09:52:50.655 TRACE c.h.k.mapper.CategoryMapper.selectByExample       :143  [32m                  [0;39m <==        Row: 100, 0, å‰ç«¯å¼€å‘, 100
2021-08-23 09:52:50.656 TRACE c.h.k.mapper.CategoryMapper.selectByExample       :143  [32m                  [0;39m <==        Row: 101, 100, Vue, 101
2021-08-23 09:52:50.657 TRACE c.h.k.mapper.CategoryMapper.selectByExample       :143  [32m                  [0;39m <==        Row: 102, 100, HTML & CSS, 102
2021-08-23 09:52:50.658 TRACE c.h.k.mapper.CategoryMapper.selectByExample       :143  [32m                  [0;39m <==        Row: 200, 0, Java, 200
2021-08-23 09:52:50.658 TRACE c.h.k.mapper.CategoryMapper.selectByExample       :143  [32m                  [0;39m <==        Row: 201, 200, åŸºç¡€åº”ç”¨, 201
2021-08-23 09:52:50.659 TRACE c.h.k.mapper.CategoryMapper.selectByExample       :143  [32m                  [0;39m <==        Row: 202, 200, æ¡†æž¶åº”ç”¨, 202
2021-08-23 09:52:50.659 TRACE c.h.k.mapper.CategoryMapper.selectByExample       :143  [32m                  [0;39m <==        Row: 300, 0, Python, 300
2021-08-23 09:52:50.660 TRACE c.h.k.mapper.CategoryMapper.selectByExample       :143  [32m                  [0;39m <==        Row: 301, 300, åŸºç¡€åº”ç”¨, 301
2021-08-23 09:52:50.661 TRACE c.h.k.mapper.CategoryMapper.selectByExample       :143  [32m                  [0;39m <==        Row: 302, 300, è¿›é˜¶æ–¹å‘åº”ç”¨, 302
2021-08-23 09:52:50.662 TRACE c.h.k.mapper.CategoryMapper.selectByExample       :143  [32m                  [0;39m <==        Row: 400, 0, æ•°æ®åº“, 400
2021-08-23 09:52:50.662 TRACE c.h.k.mapper.CategoryMapper.selectByExample       :143  [32m                  [0;39m <==        Row: 401, 400, MySQL, 401
2021-08-23 09:52:50.663 TRACE c.h.k.mapper.CategoryMapper.selectByExample       :143  [32m                  [0;39m <==        Row: 500, 0, å…¶å®ƒ, 500
2021-08-23 09:52:50.663 TRACE c.h.k.mapper.CategoryMapper.selectByExample       :143  [32m                  [0;39m <==        Row: 501, 500, æœåŠ¡å™¨, 501
2021-08-23 09:52:50.664 TRACE c.h.k.mapper.CategoryMapper.selectByExample       :143  [32m                  [0;39m <==        Row: 502, 500, å¼€å‘å·¥å…·, 502
2021-08-23 09:52:50.665 TRACE c.h.k.mapper.CategoryMapper.selectByExample       :143  [32m                  [0;39m <==        Row: 503, 500, çƒ­é—¨æœåŠ¡ç«¯è¯­è¨€, 503
2021-08-23 09:52:50.668 DEBUG c.h.k.mapper.CategoryMapper.selectByExample       :137  [32m                  [0;39m <==      Total: 16
2021-08-23 09:52:50.705 INFO  com.haoyu.knowlagebase.aspect.LogAspect           :82   [32m                  [0;39m è¿”å›žç»“æžœ: {"content":[{"id":82110017238601728,"name":"test2","parent":100,"sort":1},{"id":100,"name":"å‰ç«¯å¼€å‘","parent":0,"sort":100},{"id":101,"name":"Vue","parent":100,"sort":101},{"id":102,"name":"HTML & CSS","parent":100,"sort":102},{"id":200,"name":"Java","parent":0,"sort":200},{"id":201,"name":"åŸºç¡€åº”ç”¨","parent":200,"sort":201},{"id":202,"name":"æ¡†æž¶åº”ç”¨","parent":200,"sort":202},{"id":300,"name":"Python","parent":0,"sort":300},{"id":301,"name":"åŸºç¡€åº”ç”¨","parent":300,"sort":301},{"id":302,"name":"è¿›é˜¶æ–¹å‘åº”ç”¨","parent":300,"sort":302},{"id":400,"name":"æ•°æ®åº“","parent":0,"sort":400},{"id":401,"name":"MySQL","parent":400,"sort":401},{"id":500,"name":"å…¶å®ƒ","parent":0,"sort":500},{"id":501,"name":"æœåŠ¡å™¨","parent":500,"sort":501},{"id":502,"name":"å¼€å‘å·¥å…·","parent":500,"sort":502},{"id":503,"name":"çƒ­é—¨æœåŠ¡ç«¯è¯­è¨€","parent":500,"sort":503}],"success":true}
2021-08-23 09:52:50.706 INFO  com.haoyu.knowlagebase.aspect.LogAspect           :83   [32m                  [0;39m ------------- ç»“æŸ è€—æ—¶ï¼š1045 ms -------------
2021-08-23 09:52:50.746 INFO  com.haoyu.knowlagebase.aspect.LogAspect           :46   [32m                  [0;39m ------------- å¼€å§‹ -------------
2021-08-23 09:52:50.746 INFO  com.haoyu.knowlagebase.aspect.LogAspect           :47   [32m                  [0;39m è¯·æ±‚åœ°å€: http://127.0.0.1:8880/user/list GET
2021-08-23 09:52:50.746 INFO  com.haoyu.knowlagebase.aspect.LogAspect           :48   [32m                  [0;39m ç±»åæ–¹æ³•: com.haoyu.knowlagebase.controller.UserController.list
2021-08-23 09:52:50.747 INFO  com.haoyu.knowlagebase.aspect.LogAspect           :49   [32m                  [0;39m è¿œç¨‹åœ°å€: 127.0.0.1
2021-08-23 09:52:50.748 INFO  com.haoyu.knowlagebase.aspect.LogAspect           :70   [32m                  [0;39m è¯·æ±‚å‚æ•°: [{"page":1,"size":10}]
2021-08-23 09:52:50.789 DEBUG c.h.k.mapper.UserMapper.selectByExample_COUNT     :137  [32m                  [0;39m ==>  Preparing: SELECT count(0) FROM user
2021-08-23 09:52:50.789 DEBUG c.h.k.mapper.UserMapper.selectByExample_COUNT     :137  [32m                  [0;39m ==> Parameters: 
2021-08-23 09:52:50.791 TRACE c.h.k.mapper.UserMapper.selectByExample_COUNT     :143  [32m                  [0;39m <==    Columns: count(0)
2021-08-23 09:52:50.792 TRACE c.h.k.mapper.UserMapper.selectByExample_COUNT     :143  [32m                  [0;39m <==        Row: 2
2021-08-23 09:52:50.792 DEBUG c.h.k.mapper.UserMapper.selectByExample_COUNT     :137  [32m                  [0;39m <==      Total: 1
2021-08-23 09:52:50.795 DEBUG c.h.knowlagebase.mapper.UserMapper.selectByExample:137  [32m                  [0;39m ==>  Preparing: select id, login_name, `name`, `password` from user LIMIT ?
2021-08-23 09:52:50.796 DEBUG c.h.knowlagebase.mapper.UserMapper.selectByExample:137  [32m                  [0;39m ==> Parameters: 10(Integer)
2021-08-23 09:52:50.797 TRACE c.h.knowlagebase.mapper.UserMapper.selectByExample:143  [32m                  [0;39m <==    Columns: id, login_name, name, password
2021-08-23 09:52:50.798 TRACE c.h.knowlagebase.mapper.UserMapper.selectByExample:143  [32m                  [0;39m <==        Row: 1, test, æµ‹è¯•, e70e2222a9d67c4f2eae107533359aa4
2021-08-23 09:52:50.798 TRACE c.h.knowlagebase.mapper.UserMapper.selectByExample:143  [32m                  [0;39m <==        Row: 84603304096698368, 11111, 111111, b9207c7ae418edcbdef11219daae3474
2021-08-23 09:52:50.799 DEBUG c.h.knowlagebase.mapper.UserMapper.selectByExample:137  [32m                  [0;39m <==      Total: 2
2021-08-23 09:52:50.800 INFO  com.haoyu.knowlagebase.service.UserService        :49   [32m                  [0;39m æ€»è¡Œæ•°:2
2021-08-23 09:52:50.801 INFO  com.haoyu.knowlagebase.service.UserService        :50   [32m                  [0;39m æ€»é¡µæ•°:1
2021-08-23 09:52:50.808 INFO  com.haoyu.knowlagebase.aspect.LogAspect           :82   [32m                  [0;39m è¿”å›žç»“æžœ: {"content":{"list":[{"id":1,"loginName":"test","name":"æµ‹è¯•"},{"id":84603304096698368,"loginName":"11111","name":"111111"}],"total":2},"success":true}
2021-08-23 09:52:50.808 INFO  com.haoyu.knowlagebase.aspect.LogAspect           :83   [32m                  [0;39m ------------- ç»“æŸ è€—æ—¶ï¼š62 ms -------------
2021-08-23 09:54:22.626 INFO  com.haoyu.knowlagebase.aspect.LogAspect           :46   [32m                  [0;39m ------------- å¼€å§‹ -------------
2021-08-23 09:54:22.627 INFO  com.haoyu.knowlagebase.aspect.LogAspect           :47   [32m                  [0;39m è¯·æ±‚åœ°å€: http://127.0.0.1:8880/user/list GET
2021-08-23 09:54:22.627 INFO  com.haoyu.knowlagebase.aspect.LogAspect           :48   [32m                  [0;39m ç±»åæ–¹æ³•: com.haoyu.knowlagebase.controller.UserController.list
2021-08-23 09:54:22.627 INFO  com.haoyu.knowlagebase.aspect.LogAspect           :49   [32m                  [0;39m è¿œç¨‹åœ°å€: 127.0.0.1
2021-08-23 09:54:22.627 INFO  com.haoyu.knowlagebase.aspect.LogAspect           :70   [32m                  [0;39m è¯·æ±‚å‚æ•°: [{"page":1,"size":10}]
2021-08-23 09:54:22.628 DEBUG c.h.k.mapper.UserMapper.selectByExample_COUNT     :137  [32m                  [0;39m ==>  Preparing: SELECT count(0) FROM user
2021-08-23 09:54:22.628 DEBUG c.h.k.mapper.UserMapper.selectByExample_COUNT     :137  [32m                  [0;39m ==> Parameters: 
2021-08-23 09:54:22.629 TRACE c.h.k.mapper.UserMapper.selectByExample_COUNT     :143  [32m                  [0;39m <==    Columns: count(0)
2021-08-23 09:54:22.630 TRACE c.h.k.mapper.UserMapper.selectByExample_COUNT     :143  [32m                  [0;39m <==        Row: 2
2021-08-23 09:54:22.630 DEBUG c.h.k.mapper.UserMapper.selectByExample_COUNT     :137  [32m                  [0;39m <==      Total: 1
2021-08-23 09:54:22.630 DEBUG c.h.knowlagebase.mapper.UserMapper.selectByExample:137  [32m                  [0;39m ==>  Preparing: select id, login_name, `name`, `password` from user LIMIT ?
2021-08-23 09:54:22.631 DEBUG c.h.knowlagebase.mapper.UserMapper.selectByExample:137  [32m                  [0;39m ==> Parameters: 10(Integer)
2021-08-23 09:54:22.631 TRACE c.h.knowlagebase.mapper.UserMapper.selectByExample:143  [32m                  [0;39m <==    Columns: id, login_name, name, password
2021-08-23 09:54:22.631 TRACE c.h.knowlagebase.mapper.UserMapper.selectByExample:143  [32m                  [0;39m <==        Row: 1, test, æµ‹è¯•, e70e2222a9d67c4f2eae107533359aa4
2021-08-23 09:54:22.632 TRACE c.h.knowlagebase.mapper.UserMapper.selectByExample:143  [32m                  [0;39m <==        Row: 84603304096698368, 11111, 111111, b9207c7ae418edcbdef11219daae3474
2021-08-23 09:54:22.632 DEBUG c.h.knowlagebase.mapper.UserMapper.selectByExample:137  [32m                  [0;39m <==      Total: 2
2021-08-23 09:54:22.633 INFO  com.haoyu.knowlagebase.service.UserService        :49   [32m                  [0;39m æ€»è¡Œæ•°:2
2021-08-23 09:54:22.633 INFO  com.haoyu.knowlagebase.service.UserService        :50   [32m                  [0;39m æ€»é¡µæ•°:1
2021-08-23 09:54:22.633 INFO  com.haoyu.knowlagebase.aspect.LogAspect           :82   [32m                  [0;39m è¿”å›žç»“æžœ: {"content":{"list":[{"id":1,"loginName":"test","name":"æµ‹è¯•"},{"id":84603304096698368,"loginName":"11111","name":"111111"}],"total":2},"success":true}
2021-08-23 09:54:22.634 INFO  com.haoyu.knowlagebase.aspect.LogAspect           :83   [32m                  [0;39m ------------- ç»“æŸ è€—æ—¶ï¼š8 ms -------------
2021-08-23 09:56:47.571 INFO  o.s.scheduling.concurrent.ThreadPoolTaskExecutor  :218  [32m                  [0;39m Shutting down ExecutorService 'applicationTaskExecutor'
2021-08-23 09:56:47.572 INFO  com.zaxxer.hikari.HikariDataSource                :350  [32m                  [0;39m HikariPool-1 - Shutdown initiated...
2021-08-23 09:56:47.579 INFO  com.zaxxer.hikari.HikariDataSource                :352  [32m                  [0;39m HikariPool-1 - Shutdown completed.
2021-08-23 09:56:47.706 INFO  c.h.knowlagebase.config.KnowlagebaseApplication   :55   [32m                  [0;39m Starting KnowlagebaseApplication using Java 1.8.0_261 on DESKTOP-CTIIJC1 with PID 12708 (E:\code\java\knowlagebase\target\classes started by MECHREVO in E:\code\java\knowlagebase)
2021-08-23 09:56:47.707 INFO  c.h.knowlagebase.config.KnowlagebaseApplication   :660  [32m                  [0;39m No active profile set, falling back to default profiles: default
2021-08-23 09:56:47.918 INFO  o.s.boot.web.embedded.tomcat.TomcatWebServer      :108  [32m                  [0;39m Tomcat initialized with port(s): 8880 (http)
2021-08-23 09:56:47.918 INFO  org.apache.coyote.http11.Http11NioProtocol        :173  [32m                  [0;39m Initializing ProtocolHandler ["http-nio-8880"]
2021-08-23 09:56:47.918 INFO  org.apache.catalina.core.StandardService          :173  [32m                  [0;39m Starting service [Tomcat]
2021-08-23 09:56:47.918 INFO  org.apache.catalina.core.StandardEngine           :173  [32m                  [0;39m Starting Servlet engine: [Apache Tomcat/9.0.39]
2021-08-23 09:56:47.931 INFO  o.a.c.core.ContainerBase.[Tomcat].[localhost].[/] :173  [32m                  [0;39m Initializing Spring embedded WebApplicationContext
2021-08-23 09:56:47.931 INFO  o.s.b.w.s.c.ServletWebServerApplicationContext    :289  [32m                  [0;39m Root WebApplicationContext: initialization completed in 222 ms
2021-08-23 09:56:48.096 INFO  o.s.scheduling.concurrent.ThreadPoolTaskExecutor  :181  [32m                  [0;39m Initializing ExecutorService 'applicationTaskExecutor'
2021-08-23 09:56:48.219 INFO  o.s.b.d.autoconfigure.OptionalLiveReloadServer    :58   [32m                  [0;39m LiveReload server is running on port 35729
2021-08-23 09:56:48.225 INFO  org.apache.coyote.http11.Http11NioProtocol        :173  [32m                  [0;39m Starting ProtocolHandler ["http-nio-8880"]
2021-08-23 09:56:48.227 INFO  o.s.boot.web.embedded.tomcat.TomcatWebServer      :220  [32m                  [0;39m Tomcat started on port(s): 8880 (http) with context path ''
2021-08-23 09:56:48.230 INFO  c.h.knowlagebase.config.KnowlagebaseApplication   :61   [32m                  [0;39m Started KnowlagebaseApplication in 0.548 seconds (JVM running for 349.126)
2021-08-23 09:56:48.231 INFO  o.s.b.d.a.ConditionEvaluationDeltaLoggingListener :63   [32m                  [0;39m Condition evaluation unchanged
2021-08-23 09:56:48.231 INFO  c.h.knowlagebase.config.KnowlagebaseApplication   :24   [32m                  [0;39m å¯åŠ¨æˆåŠŸï¼
2021-08-23 09:56:48.231 INFO  c.h.knowlagebase.config.KnowlagebaseApplication   :25   [32m                  [0;39m åœ°å€ï¼š	http://127.0.0.1:8880
2021-08-23 09:57:23.030 INFO  o.a.c.core.ContainerBase.[Tomcat].[localhost].[/] :173  [32m                  [0;39m Initializing Spring DispatcherServlet 'dispatcherServlet'
2021-08-23 09:57:23.030 INFO  org.springframework.web.servlet.DispatcherServlet :525  [32m                  [0;39m Initializing Servlet 'dispatcherServlet'
2021-08-23 09:57:23.030 INFO  org.springframework.web.servlet.DispatcherServlet :547  [32m                  [0;39m Completed initialization in 0 ms
2021-08-23 09:57:23.032 INFO  com.haoyu.knowlagebase.aspect.LogAspect           :46   [32m                  [0;39m ------------- å¼€å§‹ -------------
2021-08-23 09:57:23.032 INFO  com.haoyu.knowlagebase.aspect.LogAspect           :47   [32m                  [0;39m è¯·æ±‚åœ°å€: http://127.0.0.1:8880/category/all GET
2021-08-23 09:57:23.033 INFO  com.haoyu.knowlagebase.aspect.LogAspect           :48   [32m                  [0;39m ç±»åæ–¹æ³•: com.haoyu.knowlagebase.controller.CategoryController.all
2021-08-23 09:57:23.033 INFO  com.haoyu.knowlagebase.aspect.LogAspect           :49   [32m                  [0;39m è¿œç¨‹åœ°å€: 127.0.0.1
2021-08-23 09:57:23.033 INFO  com.haoyu.knowlagebase.aspect.LogAspect           :70   [32m                  [0;39m è¯·æ±‚å‚æ•°: []
2021-08-23 09:57:23.037 INFO  com.zaxxer.hikari.HikariDataSource                :110  [32m                  [0;39m HikariPool-2 - Starting...
2021-08-23 09:57:23.056 INFO  com.zaxxer.hikari.HikariDataSource                :123  [32m                  [0;39m HikariPool-2 - Start completed.
2021-08-23 09:57:23.057 DEBUG c.h.k.mapper.CategoryMapper.selectByExample       :137  [32m                  [0;39m ==>  Preparing: select id, parent, `name`, sort from category order by sort asc
2021-08-23 09:57:23.057 DEBUG c.h.k.mapper.CategoryMapper.selectByExample       :137  [32m                  [0;39m ==> Parameters: 
2021-08-23 09:57:23.058 TRACE c.h.k.mapper.CategoryMapper.selectByExample       :143  [32m                  [0;39m <==    Columns: id, parent, name, sort
2021-08-23 09:57:23.058 TRACE c.h.k.mapper.CategoryMapper.selectByExample       :143  [32m                  [0;39m <==        Row: 82110017238601728, 100, test2, 1
2021-08-23 09:57:23.059 TRACE c.h.k.mapper.CategoryMapper.selectByExample       :143  [32m                  [0;39m <==        Row: 100, 0, å‰ç«¯å¼€å‘, 100
2021-08-23 09:57:23.059 TRACE c.h.k.mapper.CategoryMapper.selectByExample       :143  [32m                  [0;39m <==        Row: 101, 100, Vue, 101
2021-08-23 09:57:23.059 TRACE c.h.k.mapper.CategoryMapper.selectByExample       :143  [32m                  [0;39m <==        Row: 102, 100, HTML & CSS, 102
2021-08-23 09:57:23.060 TRACE c.h.k.mapper.CategoryMapper.selectByExample       :143  [32m                  [0;39m <==        Row: 200, 0, Java, 200
2021-08-23 09:57:23.060 TRACE c.h.k.mapper.CategoryMapper.selectByExample       :143  [32m                  [0;39m <==        Row: 201, 200, åŸºç¡€åº”ç”¨, 201
2021-08-23 09:57:23.060 TRACE c.h.k.mapper.CategoryMapper.selectByExample       :143  [32m                  [0;39m <==        Row: 202, 200, æ¡†æž¶åº”ç”¨, 202
2021-08-23 09:57:23.061 TRACE c.h.k.mapper.CategoryMapper.selectByExample       :143  [32m                  [0;39m <==        Row: 300, 0, Python, 300
2021-08-23 09:57:23.061 TRACE c.h.k.mapper.CategoryMapper.selectByExample       :143  [32m                  [0;39m <==        Row: 301, 300, åŸºç¡€åº”ç”¨, 301
2021-08-23 09:57:23.061 TRACE c.h.k.mapper.CategoryMapper.selectByExample       :143  [32m                  [0;39m <==        Row: 302, 300, è¿›é˜¶æ–¹å‘åº”ç”¨, 302
2021-08-23 09:57:23.062 TRACE c.h.k.mapper.CategoryMapper.selectByExample       :143  [32m                  [0;39m <==        Row: 400, 0, æ•°æ®åº“, 400
2021-08-23 09:57:23.062 TRACE c.h.k.mapper.CategoryMapper.selectByExample       :143  [32m                  [0;39m <==        Row: 401, 400, MySQL, 401
2021-08-23 09:57:23.062 TRACE c.h.k.mapper.CategoryMapper.selectByExample       :143  [32m                  [0;39m <==        Row: 500, 0, å…¶å®ƒ, 500
2021-08-23 09:57:23.062 TRACE c.h.k.mapper.CategoryMapper.selectByExample       :143  [32m                  [0;39m <==        Row: 501, 500, æœåŠ¡å™¨, 501
2021-08-23 09:57:23.063 TRACE c.h.k.mapper.CategoryMapper.selectByExample       :143  [32m                  [0;39m <==        Row: 502, 500, å¼€å‘å·¥å…·, 502
2021-08-23 09:57:23.063 TRACE c.h.k.mapper.CategoryMapper.selectByExample       :143  [32m                  [0;39m <==        Row: 503, 500, çƒ­é—¨æœåŠ¡ç«¯è¯­è¨€, 503
2021-08-23 09:57:23.064 DEBUG c.h.k.mapper.CategoryMapper.selectByExample       :137  [32m                  [0;39m <==      Total: 16
2021-08-23 09:57:23.071 INFO  com.haoyu.knowlagebase.aspect.LogAspect           :82   [32m                  [0;39m è¿”å›žç»“æžœ: {"content":[{"id":82110017238601728,"name":"test2","parent":100,"sort":1},{"id":100,"name":"å‰ç«¯å¼€å‘","parent":0,"sort":100},{"id":101,"name":"Vue","parent":100,"sort":101},{"id":102,"name":"HTML & CSS","parent":100,"sort":102},{"id":200,"name":"Java","parent":0,"sort":200},{"id":201,"name":"åŸºç¡€åº”ç”¨","parent":200,"sort":201},{"id":202,"name":"æ¡†æž¶åº”ç”¨","parent":200,"sort":202},{"id":300,"name":"Python","parent":0,"sort":300},{"id":301,"name":"åŸºç¡€åº”ç”¨","parent":300,"sort":301},{"id":302,"name":"è¿›é˜¶æ–¹å‘åº”ç”¨","parent":300,"sort":302},{"id":400,"name":"æ•°æ®åº“","parent":0,"sort":400},{"id":401,"name":"MySQL","parent":400,"sort":401},{"id":500,"name":"å…¶å®ƒ","parent":0,"sort":500},{"id":501,"name":"æœåŠ¡å™¨","parent":500,"sort":501},{"id":502,"name":"å¼€å‘å·¥å…·","parent":500,"sort":502},{"id":503,"name":"çƒ­é—¨æœåŠ¡ç«¯è¯­è¨€","parent":500,"sort":503}],"success":true}
2021-08-23 09:57:23.072 INFO  com.haoyu.knowlagebase.aspect.LogAspect           :83   [32m                  [0;39m ------------- ç»“æŸ è€—æ—¶ï¼š40 ms -------------
2021-08-23 09:57:24.729 INFO  com.haoyu.knowlagebase.aspect.LogAspect           :46   [32m                  [0;39m ------------- å¼€å§‹ -------------
2021-08-23 09:57:24.729 INFO  com.haoyu.knowlagebase.aspect.LogAspect           :47   [32m                  [0;39m è¯·æ±‚åœ°å€: http://127.0.0.1:8880/user/list GET
2021-08-23 09:57:24.729 INFO  com.haoyu.knowlagebase.aspect.LogAspect           :48   [32m                  [0;39m ç±»åæ–¹æ³•: com.haoyu.knowlagebase.controller.UserController.list
2021-08-23 09:57:24.729 INFO  com.haoyu.knowlagebase.aspect.LogAspect           :49   [32m                  [0;39m è¿œç¨‹åœ°å€: 127.0.0.1
2021-08-23 09:57:24.730 INFO  com.haoyu.knowlagebase.aspect.LogAspect           :70   [32m                  [0;39m è¯·æ±‚å‚æ•°: [{"page":1,"size":10}]
2021-08-23 09:57:24.734 DEBUG c.h.k.mapper.UserMapper.selectByExample_COUNT     :137  [32m                  [0;39m ==>  Preparing: SELECT count(0) FROM user
2021-08-23 09:57:24.734 DEBUG c.h.k.mapper.UserMapper.selectByExample_COUNT     :137  [32m                  [0;39m ==> Parameters: 
2021-08-23 09:57:24.735 TRACE c.h.k.mapper.UserMapper.selectByExample_COUNT     :143  [32m                  [0;39m <==    Columns: count(0)
2021-08-23 09:57:24.736 TRACE c.h.k.mapper.UserMapper.selectByExample_COUNT     :143  [32m                  [0;39m <==        Row: 2
2021-08-23 09:57:24.736 DEBUG c.h.k.mapper.UserMapper.selectByExample_COUNT     :137  [32m                  [0;39m <==      Total: 1
2021-08-23 09:57:24.737 DEBUG c.h.knowlagebase.mapper.UserMapper.selectByExample:137  [32m                  [0;39m ==>  Preparing: select id, login_name, `name`, `password` from user LIMIT ?
2021-08-23 09:57:24.737 DEBUG c.h.knowlagebase.mapper.UserMapper.selectByExample:137  [32m                  [0;39m ==> Parameters: 10(Integer)
2021-08-23 09:57:24.738 TRACE c.h.knowlagebase.mapper.UserMapper.selectByExample:143  [32m                  [0;39m <==    Columns: id, login_name, name, password
2021-08-23 09:57:24.738 TRACE c.h.knowlagebase.mapper.UserMapper.selectByExample:143  [32m                  [0;39m <==        Row: 1, test, æµ‹è¯•, e70e2222a9d67c4f2eae107533359aa4
2021-08-23 09:57:24.739 TRACE c.h.knowlagebase.mapper.UserMapper.selectByExample:143  [32m                  [0;39m <==        Row: 84603304096698368, 11111, 111111, b9207c7ae418edcbdef11219daae3474
2021-08-23 09:57:24.739 DEBUG c.h.knowlagebase.mapper.UserMapper.selectByExample:137  [32m                  [0;39m <==      Total: 2
2021-08-23 09:57:24.739 INFO  com.haoyu.knowlagebase.service.UserService        :49   [32m                  [0;39m æ€»è¡Œæ•°:2
2021-08-23 09:57:24.740 INFO  com.haoyu.knowlagebase.service.UserService        :50   [32m                  [0;39m æ€»é¡µæ•°:1
2021-08-23 09:57:24.744 INFO  com.haoyu.knowlagebase.aspect.LogAspect           :82   [32m                  [0;39m è¿”å›žç»“æžœ: {"content":{"list":[{"id":1,"loginName":"test","name":"æµ‹è¯•"},{"id":84603304096698368,"loginName":"11111","name":"111111"}],"total":2},"success":true}
2021-08-23 09:57:24.745 INFO  com.haoyu.knowlagebase.aspect.LogAspect           :83   [32m                  [0;39m ------------- ç»“æŸ è€—æ—¶ï¼š16 ms -------------
